Determining if the pthread_create exist failed with the following output:
Change Dir: /home/parallels/lihuxLearningROS/catkin_ws/build/CMakeFiles/CMakeTmp

Run Build Command:/usr/bin/make "cmTryCompileExec4075082258/fast"
/usr/bin/make -f CMakeFiles/cmTryCompileExec4075082258.dir/build.make CMakeFiles/cmTryCompileExec4075082258.dir/build
make[1]: Entering directory `/home/parallels/lihuxLearningROS/catkin_ws/build/CMakeFiles/CMakeTmp'
/usr/bin/cmake -E cmake_progress_report /home/parallels/lihuxLearningROS/catkin_ws/build/CMakeFiles/CMakeTmp/CMakeFiles 1
Building C object CMakeFiles/cmTryCompileExec4075082258.dir/CheckSymbolExists.c.o
/usr/bin/cc    -o CMakeFiles/cmTryCompileExec4075082258.dir/CheckSymbolExists.c.o   -c /home/parallels/lihuxLearningROS/catkin_ws/build/CMakeFiles/CMakeTmp/CheckSymbolExists.c
Linking C executable cmTryCompileExec4075082258
/usr/bin/cmake -E cmake_link_script CMakeFiles/cmTryCompileExec4075082258.dir/link.txt --verbose=1
/usr/bin/cc         CMakeFiles/cmTryCompileExec4075082258.dir/CheckSymbolExists.c.o  -o cmTryCompileExec4075082258 -rdynamic 
CMakeFiles/cmTryCompileExec4075082258.dir/CheckSymbolExists.c.o: In function `main':
CheckSymbolExists.c:(.text+0x16): undefined reference to `pthread_create'
collect2: error: ld returned 1 exit status
make[1]: Leaving directory `/home/parallels/lihuxLearningROS/catkin_ws/build/CMakeFiles/CMakeTmp'
make[1]: *** [cmTryCompileExec4075082258] Error 1
make: *** [cmTryCompileExec4075082258/fast] Error 2

File /home/parallels/lihuxLearningROS/catkin_ws/build/CMakeFiles/CMakeTmp/CheckSymbolExists.c:
/* */
#include <pthread.h>

int main(int argc, char** argv)
{
  (void)argv;
#ifndef pthread_create
  return ((int*)(&pthread_create))[argc];
#else
  (void)argc;
  return 0;
#endif
}

Determining if the function pthread_create exists in the pthreads failed with the following output:
Change Dir: /home/parallels/lihuxLearningROS/catkin_ws/build/CMakeFiles/CMakeTmp

Run Build Command:/usr/bin/make "cmTryCompileExec1448126413/fast"
/usr/bin/make -f CMakeFiles/cmTryCompileExec1448126413.dir/build.make CMakeFiles/cmTryCompileExec1448126413.dir/build
make[1]: Entering directory `/home/parallels/lihuxLearningROS/catkin_ws/build/CMakeFiles/CMakeTmp'
/usr/bin/cmake -E cmake_progress_report /home/parallels/lihuxLearningROS/catkin_ws/build/CMakeFiles/CMakeTmp/CMakeFiles 1
Building C object CMakeFiles/cmTryCompileExec1448126413.dir/CheckFunctionExists.c.o
/usr/bin/cc   -DCHECK_FUNCTION_EXISTS=pthread_create   -o CMakeFiles/cmTryCompileExec1448126413.dir/CheckFunctionExists.c.o   -c /usr/share/cmake-2.8/Modules/CheckFunctionExists.c
Linking C executable cmTryCompileExec1448126413
/usr/bin/cmake -E cmake_link_script CMakeFiles/cmTryCompileExec1448126413.dir/link.txt --verbose=1
/usr/bin/cc     -DCHECK_FUNCTION_EXISTS=pthread_create    CMakeFiles/cmTryCompileExec1448126413.dir/CheckFunctionExists.c.o  -o cmTryCompileExec1448126413 -rdynamic -lpthreads 
/usr/bin/ld: cannot find -lpthreads
collect2: error: ld returned 1 exit status
make[1]: Leaving directory `/home/parallels/lihuxLearningROS/catkin_ws/build/CMakeFiles/CMakeTmp'
make[1]: *** [cmTryCompileExec1448126413] Error 1
make: *** [cmTryCompileExec1448126413/fast] Error 2


