Determining if the pthread_create exist failed with the following output:
Change Dir: /home/parallels/ros/ros_workspace/build/CMakeFiles/CMakeTmp

Run Build Command:/usr/bin/make "cmTryCompileExec2859295669/fast"
/usr/bin/make -f CMakeFiles/cmTryCompileExec2859295669.dir/build.make CMakeFiles/cmTryCompileExec2859295669.dir/build
make[1]: Entering directory `/home/parallels/ros/ros_workspace/build/CMakeFiles/CMakeTmp'
/usr/bin/cmake -E cmake_progress_report /home/parallels/ros/ros_workspace/build/CMakeFiles/CMakeTmp/CMakeFiles 1
Building C object CMakeFiles/cmTryCompileExec2859295669.dir/CheckSymbolExists.c.o
/usr/bin/cc    -o CMakeFiles/cmTryCompileExec2859295669.dir/CheckSymbolExists.c.o   -c /home/parallels/ros/ros_workspace/build/CMakeFiles/CMakeTmp/CheckSymbolExists.c
Linking C executable cmTryCompileExec2859295669
/usr/bin/cmake -E cmake_link_script CMakeFiles/cmTryCompileExec2859295669.dir/link.txt --verbose=1
/usr/bin/cc         CMakeFiles/cmTryCompileExec2859295669.dir/CheckSymbolExists.c.o  -o cmTryCompileExec2859295669 -rdynamic 
CMakeFiles/cmTryCompileExec2859295669.dir/CheckSymbolExists.c.o: In function `main':
CheckSymbolExists.c:(.text+0x16): undefined reference to `pthread_create'
collect2: error: ld returned 1 exit status
make[1]: Leaving directory `/home/parallels/ros/ros_workspace/build/CMakeFiles/CMakeTmp'
make[1]: *** [cmTryCompileExec2859295669] Error 1
make: *** [cmTryCompileExec2859295669/fast] Error 2

File /home/parallels/ros/ros_workspace/build/CMakeFiles/CMakeTmp/CheckSymbolExists.c:
/* */
#include <pthread.h>

int main(int argc, char** argv)
{
  (void)argv;
#ifndef pthread_create
  return ((int*)(&pthread_create))[argc];
#else
  (void)argc;
  return 0;
#endif
}

Determining if the function pthread_create exists in the pthreads failed with the following output:
Change Dir: /home/parallels/ros/ros_workspace/build/CMakeFiles/CMakeTmp

Run Build Command:/usr/bin/make "cmTryCompileExec2618464254/fast"
/usr/bin/make -f CMakeFiles/cmTryCompileExec2618464254.dir/build.make CMakeFiles/cmTryCompileExec2618464254.dir/build
make[1]: Entering directory `/home/parallels/ros/ros_workspace/build/CMakeFiles/CMakeTmp'
/usr/bin/cmake -E cmake_progress_report /home/parallels/ros/ros_workspace/build/CMakeFiles/CMakeTmp/CMakeFiles 1
Building C object CMakeFiles/cmTryCompileExec2618464254.dir/CheckFunctionExists.c.o
/usr/bin/cc   -DCHECK_FUNCTION_EXISTS=pthread_create   -o CMakeFiles/cmTryCompileExec2618464254.dir/CheckFunctionExists.c.o   -c /usr/share/cmake-2.8/Modules/CheckFunctionExists.c
Linking C executable cmTryCompileExec2618464254
/usr/bin/cmake -E cmake_link_script CMakeFiles/cmTryCompileExec2618464254.dir/link.txt --verbose=1
/usr/bin/cc     -DCHECK_FUNCTION_EXISTS=pthread_create    CMakeFiles/cmTryCompileExec2618464254.dir/CheckFunctionExists.c.o  -o cmTryCompileExec2618464254 -rdynamic -lpthreads 
/usr/bin/ld: cannot find -lpthreads
collect2: error: ld returned 1 exit status
make[1]: Leaving directory `/home/parallels/ros/ros_workspace/build/CMakeFiles/CMakeTmp'
make[1]: *** [cmTryCompileExec2618464254] Error 1
make: *** [cmTryCompileExec2618464254/fast] Error 2


